Reading netlist file: "C:\Users\Sivon\Desktop\Gowin_LVDS_7to1_RX_RefDesign\project\impl\gwsynthesis\lvds_video.vg"
Parsing netlist file "C:\Users\Sivon\Desktop\Gowin_LVDS_7to1_RX_RefDesign\project\impl\gwsynthesis\lvds_video.vg" completed
Processing netlist completed
Reading constraint file: "C:\Users\Sivon\Desktop\Gowin_LVDS_7to1_RX_RefDesign\project\src\lvds_video.cst"
Physical Constraint parsed completed
Running placement......
[10%] Placement Phase 0 completed
[20%] Placement Phase 1 completed
[30%] Placement Phase 2 completed
WARN  (TA1132) :  'tck_pad_i' was determined to be a clock but was not created.
WARN  (TA1117) : Can't calculate clocks' relationship between: "rx_sclk" and "I_clk"
[50%] Placement Phase 3 completed
Running routing......
[60%] Routing Phase 0 completed
[70%] Routing Phase 1 completed
[80%] Routing Phase 2 completed
WARN  (PR1014) : Generic routing resource will be used to clock signal '\LVDS_7to1_RX_Top_inst/ibuf_clk ' by the specified constraint. And then it may lead to the excessive delay or skew
[90%] Routing Phase 3 completed
Running timing analysis......
[95%] Timing analysis completed
Placement and routing completed
Bitstream generation in progress......
Bitstream generation completed
Running power analysis......
[100%] Power analysis completed
Generate file "C:\Users\Sivon\Desktop\Gowin_LVDS_7to1_RX_RefDesign\project\impl\pnr\lvds_video.power.html" completed
Generate file "C:\Users\Sivon\Desktop\Gowin_LVDS_7to1_RX_RefDesign\project\impl\pnr\lvds_video.pin.html" completed
Generate file "C:\Users\Sivon\Desktop\Gowin_LVDS_7to1_RX_RefDesign\project\impl\pnr\lvds_video.rpt.html" completed
Generate file "C:\Users\Sivon\Desktop\Gowin_LVDS_7to1_RX_RefDesign\project\impl\pnr\lvds_video.rpt.txt" completed
Generate file "C:\Users\Sivon\Desktop\Gowin_LVDS_7to1_RX_RefDesign\project\impl\pnr\lvds_video.tr.html" completed
Fri Oct 11 19:19:41 2024

